2026-06-29 15:54:00 | INFO    | 测试初始化…
2026-06-29 15:54:00 | INFO    | 正在获取初始数据 (最近 100 根 1h K线)...
2026-06-29 15:54:00 | INFO    | 初始数据就绪：100 根 K线 (2026-06-24 23:00:00 → 2026-06-29 02:00:00)
2026-06-29 15:54:00 | INFO    | ============================================================
2026-06-29 15:54:00 | INFO    | 实时模拟交易启动
2026-06-29 15:54:00 | INFO    | 交易对：ETH/USDT | 周期：1h | 杠杆：15x | 初始资金：$1000.00
2026-06-29 15:54:00 | INFO    | 策略：ema_crossover_v2 | 参数：{'ema_short': 21, 'ema_long': 55, 'ema_trend': 100, 'atr_period': 14, 'atr_mult': 0.25, 'tp_mult': 0.0}
2026-06-29 15:54:00 | INFO    | 日志文件：/Users/roger/Desktop/trading-py/logs/live_trading.log
2026-06-29 15:54:00 | INFO    | ============================================================
2026-06-29 15:54:00 | DEBUG   | 权益快照：$1000.0000 (现金 $1000.0000 [空仓])
2026-06-29 15:58:14 | INFO    | 日志系统初始化完成
2026-06-29 15:58:14 | INFO    | 正在获取初始数据 (最近 300 根 1h K线)...
2026-06-29 15:58:14 | INFO    | 初始数据就绪：300 根 K线 (2026-06-16 15:00:00 → 2026-06-29 02:00:00)
2026-06-29 15:58:14 | INFO    | ============================================================
2026-06-29 15:58:14 | INFO    | 实时模拟交易启动
2026-06-29 15:58:14 | INFO    | 交易对：ETH/USDT | 周期：1h | 杠杆：15x | 初始资金：$1000.00
2026-06-29 15:58:14 | INFO    | 策略：ema_crossover_v2 | 参数：{'ema_short': 21, 'ema_long': 55, 'ema_trend': 100, 'atr_period': 14, 'atr_mult': 0.25, 'tp_mult': 0.0}
2026-06-29 15:58:14 | INFO    | 日志文件：/Users/roger/Desktop/trading-py/logs/live_trading.log
2026-06-29 15:58:14 | INFO    | ============================================================
2026-06-29 15:58:14 | INFO    | 进入主循环，等待新 K 线… (轮询间隔 60s)
2026-06-29 15:58:14 | INFO    | 按 Ctrl+C 安全退出

2026-06-29 16:00:30 | INFO    | 
收到退出信号…
2026-06-29 16:00:30 | INFO    | 状态 | 余额=$1000.0000 | 持仓=无 | 累计=0笔
2026-06-29 16:00:30 | INFO    | 实时模拟交易已停止。日志文件：/Users/roger/Desktop/trading-py/logs/live_trading.log
2026-06-29 16:11:37 | INFO    | 预热完成：300 根 K 线就绪 (2026-06-16 21:00:00 → 2026-06-29 08:00:00)
2026-06-29 16:12:45 | INFO    | 预热完成：300 根 K 线就绪 (2026-06-16 21:00:00 → 2026-06-29 08:00:00)
2026-06-29 16:13:45 | INFO    | 预热完成：300 根 K 线就绪 (2026-06-16 21:00:00 → 2026-06-29 08:00:00)
2026-06-29 16:15:52 | INFO    | ============================================================
2026-06-29 16:15:52 | INFO    | 实时模拟交易启动 (WebSocket)
2026-06-29 16:15:52 | INFO    | 交易对：ETH/USDT | 周期：1m | 杠杆：15x | 初始资金：$1000.00
2026-06-29 16:15:52 | INFO    | 策略：ema_crossover_v2 | 参数：{'ema_short': 21, 'ema_long': 55, 'ema_trend': 100, 'atr_period': 14, 'atr_mult': 0.25, 'tp_mult': 0.0}
2026-06-29 16:15:52 | INFO    | 日志文件：/Users/roger/Desktop/trading-py/logs/live_trading.log
2026-06-29 16:15:52 | INFO    | ============================================================
2026-06-29 16:15:52 | INFO    | 正在获取历史数据用于指标预热…
2026-06-29 16:16:02 | INFO    | 预热完成：300 根 K 线就绪 (2026-06-29 03:17:00 → 2026-06-29 08:16:00)
2026-06-29 16:16:02 | INFO    | 连接 Binance WebSocket: ETHUSDT@kline_1m …
2026-06-29 16:16:02 | INFO    | 等待 K 线推送 (Ctrl+C 退出)...

2026-06-29 16:17:03 | INFO    | ──────────────────────────────────────────────────
2026-06-29 16:17:03 | INFO    | 新 K 线 2026-06-29 08:17:00 | O=1580.45 H=1580.45 L=1580.32 C=1580.33
2026-06-29 16:17:03 | DEBUG   | 权益=$1000.0000 (现金=$1000.0000 空仓)
2026-06-29 16:18:01 | INFO    | ──────────────────────────────────────────────────
2026-06-29 16:18:01 | INFO    | 新 K 线 2026-06-29 08:18:00 | O=1580.66 H=1580.67 L=1580.66 C=1580.66
2026-06-29 16:18:01 | DEBUG   | 权益=$1000.0000 (现金=$1000.0000 空仓)
2026-06-29 16:18:51 | INFO    | 余额=$1000.0000  权益=$1000.0000 (+0.00%)  持仓=无  累计=0笔
2026-06-29 16:18:51 | INFO    | 实时模拟交易已停止。日志文件：/Users/roger/Desktop/trading-py/logs/live_trading.log
2026-06-29 16:18:57 | INFO    | ============================================================
2026-06-29 16:18:57 | INFO    | 实时模拟交易启动 (WebSocket)
2026-06-29 16:18:57 | INFO    | 交易对：ETH/USDT | 周期：1s | 杠杆：15x | 初始资金：$1000.00
2026-06-29 16:18:57 | INFO    | 策略：ema_crossover_v2 | 参数：{'ema_short': 21, 'ema_long': 55, 'ema_trend': 100, 'atr_period': 14, 'atr_mult': 0.25, 'tp_mult': 0.0}
2026-06-29 16:18:57 | INFO    | 日志文件：/Users/roger/Desktop/trading-py/logs/live_trading.log
2026-06-29 16:18:57 | INFO    | ============================================================
2026-06-29 16:18:57 | INFO    | 正在获取历史数据用于指标预热…
2026-06-29 16:19:13 | INFO    | ============================================================
2026-06-29 16:19:13 | INFO    | 实时模拟交易启动 (WebSocket)
2026-06-29 16:19:13 | INFO    | 交易对：ETH/USDT | 周期：1m | 杠杆：15x | 初始资金：$1000.00
2026-06-29 16:19:13 | INFO    | 策略：ema_crossover_v2 | 参数：{'ema_short': 21, 'ema_long': 55, 'ema_trend': 100, 'atr_period': 14, 'atr_mult': 0.25, 'tp_mult': 0.0}
2026-06-29 16:19:13 | INFO    | 日志文件：/Users/roger/Desktop/trading-py/logs/live_trading.log
2026-06-29 16:19:13 | INFO    | ============================================================
2026-06-29 16:19:13 | INFO    | 正在获取历史数据用于指标预热…
2026-06-29 16:19:32 | INFO    | 预热完成：300 根 K 线就绪 (2026-06-29 03:20:00 → 2026-06-29 08:19:00)
2026-06-29 16:19:32 | INFO    | 连接 Binance WebSocket: ETHUSDT@kline_1m …
2026-06-29 16:19:32 | INFO    | 等待 K 线推送 (Ctrl+C 退出)...

2026-06-29 16:20:02 | INFO    | ──────────────────────────────────────────────────
2026-06-29 16:20:02 | INFO    | 新 K 线 2026-06-29 08:20:00 | O=1579.25 H=1579.26 L=1579.25 C=1579.25
2026-06-29 16:20:02 | DEBUG   | 权益=$1000.0000 (现金=$1000.0000 空仓)
2026-06-29 16:21:02 | INFO    | ──────────────────────────────────────────────────
2026-06-29 16:21:02 | INFO    | 新 K 线 2026-06-29 08:21:00 | O=1578.06 H=1578.06 L=1578.05 C=1578.06
2026-06-29 16:21:02 | DEBUG   | 权益=$1000.0000 (现金=$1000.0000 空仓)
2026-06-29 16:21:09 | INFO    | 余额=$1000.0000  权益=$1000.0000 (+0.00%)  持仓=无  累计=0笔
2026-06-29 16:21:09 | INFO    | 实时模拟交易已停止。日志文件：/Users/roger/Desktop/trading-py/logs/live_trading.log
